2014/11/20 09:41:12 [error] 6106#0: *11294 FastCGI sent in stderr: "PHP message: PHP Warning:  file_put_contents(/var/www/yii2/yii2-start/backend/runtime/debug/546d46b8812a6.data): failed to open stream: Permission denied in /var/www/yii2/yii2-start/vendor/yiisoft/yii2-debug/LogTarget.php on line 58
PHP message: PHP Stack trace:
PHP message: PHP   1. yii\base\ErrorHandler->handleException() /var/www/yii2/yii2-start/vendor/yiisoft/yii2/base/ErrorHandler.php:0
PHP message: PHP   2. yii\log\Logger->flush() /var/www/yii2/yii2-start/vendor/yiisoft/yii2/log/Logger.php:0
PHP message: PHP   3. yii\log\Dispatcher->dispatch() /var/www/yii2/yii2-start/vendor/yiisoft/yii2/log/Logger.php:166
PHP message: PHP   4. yii\debug\LogTarget->collect() /var/www/yii2/yii2-start/vendor/yiisoft/yii2/log/Dispatcher.php:183
PHP message: PHP   5. yii\debug\LogTarget->export() /var/www/yii2/yii2-start/vendor/yiisoft/yii2-debug/LogTarget.php:112
PHP message: PHP   6. file_put_contents() /var/www/yii2/yii2-start/vendor/yiisoft/yii2-debug/LogTarget.php:58" while reading upstream, client: 192.168.72.28, server: backend.yii2-start.local, request: "POST /blogs/default/create/ HTTP/1.1", upstream: "fastcgi://unix:/var/run/php5-fpm.sock:", host: "backend.yii2-start.local", referrer: "http://backend.yii2-start.local/blogs/default/create/"
2014/11/20 09:41:12 [error] 6106#0: *11294 FastCGI sent in stderr: "PHP message: PHP Warning:  touch(): Utime failed: Permission denied in /var/www/yii2/yii2-start/vendor/yiisoft/yii2-debug/LogTarget.php on line 73
PHP message: PHP Stack trace:
PHP message: PHP   1. yii\base\ErrorHandler->handleException() /var/www/yii2/yii2-start/vendor/yiisoft/yii2/base/ErrorHandler.php:0
PHP message: PHP   2. yii\log\Logger->flush() /var/www/yii2/yii2-start/vendor/yiisoft/yii2/log/Logger.php:0
PHP message: PHP   3. yii\log\Dispatcher->dispatch() /var/www/yii2/yii2-start/vendor/yiisoft/yii2/log/Logger.php:166
PHP message: PHP   4. yii\debug\LogTarget->collect() /var/www/yii2/yii2-start/vendor/yiisoft/yii2/log/Dispatcher.php:183
PHP message: PHP   5. yii\debug\LogTarget->export() /var/www/yii2/yii2-start/vendor/yiisoft/yii2-debug/LogTarget.php:112
PHP message: PHP   6. yii\debug\LogTarget->updateIndexFile() /var/www/yii2/yii2-start/vendor/yiisoft/yii2-debug/LogTarget.php:61
PHP message: PHP   7. touch() /var/www/yii2/yii2-start/vendor/yiisoft/yii2-debug/LogTarget.php:73" while reading upstream, client: 192.168.72.28, server: backend.yii2-start.local, request: "POST /blogs/default/create/ HTTP/1.1", upstream: "fastcgi://unix:/var/run/php5-fpm.sock:", host: "backend.yii2-start.local", referrer: "http://backend.yii2-start.local/blogs/default/create/"
2014/11/20 10:08:32 [error] 6106#0: *11354 FastCGI sent in stderr: "PHP message: exception 'yii\base\InvalidConfigException' with message 'The directory is not writable by the Web process: /var/www/yii2/yii2-start/backend/web/assets' in /var/www/yii2/yii2-start/vendor/yiisoft/yii2/web/AssetManager.php:168
Stack trace:
#0 /var/www/yii2/yii2-start/vendor/yiisoft/yii2/base/Object.php(107): yii\web\AssetManager->init()
#1 [internal function]: yii\base\Object->__construct(Array)
#2 /var/www/yii2/yii2-start/vendor/yiisoft/yii2/di/Container.php(364): ReflectionClass->newInstanceArgs(Array)
#3 /var/www/yii2/yii2-start/vendor/yiisoft/yii2/di/Container.php(147): yii\di\Container->build('yii\\weeb\\AssettMa..',Array, Array)
#4 /var/www/yii2/yii2-start/vendor/yiisoft/yii2/BaseYii.php(344): yii\di\Container->get('yii\\weeb\\AssettMa..',Array, Array)
#5 /var/www/yii2/yii2-start/vendor/yiisoft/yii2/di/ServiceLocator.php(133): yii\BaseYii::createObject(Array)
#6 /var/www/yii2/yii2-start/vendor/yiisoft/yii2/di/ServiceLocator.php(71): yii\di\ServiceLocator->get('assetManager')
#7 /var/www/" while reading upstream, client: 192.168.72.28, server: backend.yii2-start.local, request: "POST /users/default/update/?id=1 HTTP/1.1", upstream: "fastcgi://unix:/var/run/php5-fpm.sock:", host: "backend.yii2-start.local", referrer: "http://backend.yii2-start.local/users/default/update/?id=1"
